âžœ  bc-java git:(CVE-2016-1000338) gradle build 
:compileJava UP-TO-DATE
:processResources UP-TO-DATE
:classes UP-TO-DATE
:jar UP-TO-DATE
:assemble UP-TO-DATE
:instrument SKIPPED
:copyCoberturaDatafile SKIPPED
:compileTestJava UP-TO-DATE
:processTestResources UP-TO-DATE
:testClasses UP-TO-DATE
:core:compileJava UP-TO-DATE
:core:processResources UP-TO-DATE
:core:classes UP-TO-DATE
:core:instrument SKIPPED
:core:copyCoberturaDatafile SKIPPED
:core:compileTestJava UP-TO-DATE
:core:processTestResources UP-TO-DATE
:core:testClasses UP-TO-DATE
:core:test UP-TO-DATE
:core:generateCoberturaReport SKIPPED
:core:performCoverageCheck SKIPPED
:core:jar UP-TO-DATE
:prov:compileJava UP-TO-DATE
:prov:processResources UP-TO-DATE
:prov:classes UP-TO-DATE
:prov:jar UP-TO-DATE
:pkix:compileJava UP-TO-DATE
:pkix:processResources UP-TO-DATE
:pkix:classes UP-TO-DATE
:pkix:jar UP-TO-DATE
:mail:compileJava UP-TO-DATE
:mail:processResources UP-TO-DATE
:mail:classes UP-TO-DATE
:mail:instrument SKIPPED
:mail:copyCoberturaDatafile SKIPPED
:mail:compileTestJava UP-TO-DATE
:mail:processTestResources UP-TO-DATE
:mail:testClasses UP-TO-DATE
:mail:test UP-TO-DATE
:mail:generateCoberturaReport SKIPPED
:mail:performCoverageCheck SKIPPED
:pg:compileJava UP-TO-DATE
:pg:processResources UP-TO-DATE
:pg:classes UP-TO-DATE
:pg:instrument SKIPPED
:pg:copyCoberturaDatafile SKIPPED
:pg:compileTestJava UP-TO-DATE
:pg:processTestResources UP-TO-DATE
:pg:testClasses UP-TO-DATE
:pg:test UP-TO-DATE
:pg:generateCoberturaReport SKIPPED
:pg:performCoverageCheck SKIPPED
:pkix:instrument SKIPPED
:pkix:copyCoberturaDatafile SKIPPED
:pkix:compileTestJava UP-TO-DATE
:pkix:processTestResources UP-TO-DATE
:pkix:testClasses UP-TO-DATE
:pkix:test UP-TO-DATE
:pkix:generateCoberturaReport SKIPPED
:pkix:performCoverageCheck SKIPPED
:prov:instrument SKIPPED
:prov:copyCoberturaDatafile SKIPPED
:prov:compileTestJava UP-TO-DATE
:prov:processTestResources UP-TO-DATE
:prov:testClasses UP-TO-DATE
:prov:test

org.bouncycastle.jce.provider.test.AllTests > org.bouncycastle.jce.provider.test.AllTests$SimpleTestTest.testJCE FAILED
    junit.framework.AssertionFailedError at AllTests.java:46

126 tests completed, 1 failed
:prov:test FAILED
:prov:generateCoberturaReport SKIPPED
:prov:performCoverageCheck SKIPPED

FAILURE: Build failed with an exception.

* What went wrong:
Execution failed for task ':prov:test'.
> There were failing tests. See the report at: file:///Users/yiwu/Documents/purdue2/research/NVD-real2/bc-java/bc-java/prov/build/reports/tests/test/index.html

* Try:
Run with --stacktrace option to get the stack trace. Run with --info or --debug option to get more log output.

BUILD FAILED

Total time: 59.365 secs